Base path: C:/Program Files (x86)/Unity/Editor/Data
Pipe name: \\.\pipe\UnityShaderCompiler-1-4060
Cmd: getPlatforms
Cmd: preprocess
  insize=9570 outsize=2432 ok=1
Cmd: preprocess
  insize=11629 outsize=759 ok=1
Cmd: preprocess
  insize=1286 outsize=484 ok=1
Cmd: preprocess
  insize=8933 outsize=811 ok=1
Cmd: preprocess
  insize=1759 outsize=370 ok=1
Cmd: preprocess
  insize=974 outsize=375 ok=1
Cmd: preprocess
  insize=1064 outsize=335 ok=1
Cmd: preprocess
  insize=2058 outsize=509 ok=1
Cmd: preprocess
  insize=1359 outsize=432 ok=1
Cmd: preprocess
  insize=3722 outsize=746 ok=1
Cmd: preprocess
  insize=1135 outsize=1104 ok=1
Cmd: preprocess
  insize=1243 outsize=312 ok=1
Cmd: preprocess
  insize=1296 outsize=429 ok=1
Cmd: preprocess
  insize=6831 outsize=843 ok=1
Cmd: preprocess
  insize=1235 outsize=333 ok=1
Cmd: preprocess
  error: 1 plat 12 at (64): Unrecognized #pragma directive: shader_feature
  error: 1 plat 12 at (112): Unrecognized #pragma directive: shader_feature
  error: 2 plat 12 at (150): Can't find include file UnityStandardCore.cginc
  error: 1 plat 12 at (156): Unrecognized #pragma directive: shader_feature
  error: 1 plat 12 at (193): Unrecognized #pragma directive: shader_feature
  error: 1 plat 12 at (193): Unrecognized renderer for #pragma exclude_renderers: nomrt
  error: 2 plat 12 at (234): Can't find include file UnityStandardCore.cginc
  error: 1 plat 12 at (244): Unrecognized #pragma directive: shader_feature
  error: 1 plat 12 at (284): Unrecognized #pragma directive: shader_feature
  error: 1 plat 12 at (284): Unrecognized #pragma directive: skip_variants
  error: 2 plat 12 at (304): Can't find include file UnityStandardShadow.cginc
  error: 1 plat 12 at (330): Unrecognized #pragma directive: shader_feature
  error: 1 plat 12 at (330): Unrecognized #pragma directive: skip_variants
  error: 1 plat 12 at (370): Unrecognized #pragma directive: shader_feature
  error: 1 plat 12 at (370): Unrecognized #pragma directive: skip_variants
  error: 2 plat 12 at (375): Can't find include file UnityStandardCore.cginc
  error: 1 plat 12 at (407): Unrecognized #pragma directive: shader_feature
  error: 2 plat 12 at (450): Can't find include file UnityStandardMeta.cginc
  error: 2 plat 12 at (528): Can't find include file UnityStandardCore.cginc
  error: 2 plat 12 at (606): Can't find include file UnityStandardCore.cginc
  error: 2 plat 12 at (668): Can't find include file UnityStandardShadow.cginc
  error: 2 plat 12 at (728): Can't find include file UnityStandardMeta.cginc
  insize=9067 outsize=5019 ok=0
Cmd: preprocess
  insize=2693 outsize=1941 ok=1
Cmd: preprocess
  insize=2754 outsize=812 ok=1
Cmd: preprocess
  insize=1027 outsize=323 ok=1
Cmd: preprocess
  insize=1443 outsize=406 ok=1
Cmd: preprocess
  insize=1502 outsize=370 ok=1
Cmd: preprocess
  insize=1761 outsize=749 ok=1
Cmd: preprocess
  insize=2771 outsize=1513 ok=1
Cmd: preprocess
  insize=1465 outsize=363 ok=1
Cmd: preprocess
  insize=542 outsize=1225 ok=1
Cmd: preprocess
  insize=1338 outsize=347 ok=1
Cmd: preprocess
  insize=2401 outsize=673 ok=1
Cmd: preprocess
  insize=1019 outsize=289 ok=1
Cmd: preprocess
  insize=829 outsize=338 ok=1
Cmd: preprocess
  insize=33465 outsize=288 ok=1
Cmd: preprocess
  insize=1282 outsize=279 ok=1
Cmd: preprocess
  insize=3754 outsize=743 ok=1
Cmd: preprocess
  insize=1059 outsize=268 ok=1
Cmd: preprocess
  insize=5588 outsize=1882 ok=1
Cmd: preprocess
  insize=1124 outsize=1351 ok=1
Cmd: preprocess
  insize=820 outsize=364 ok=1
Cmd: preprocess
  insize=11872 outsize=2007 ok=1
Cmd: preprocess
  insize=1097 outsize=378 ok=1
Cmd: preprocess
  insize=6532 outsize=797 ok=1
Cmd: preprocess
  insize=2965 outsize=825 ok=1
Cmd: preprocess
  insize=8546 outsize=1167 ok=1
Cmd: preprocess
  insize=1034 outsize=465 ok=1
Cmd: preprocess
  insize=14335 outsize=2775 ok=1
Cmd: preprocess
  insize=607 outsize=280 ok=1
Cmd: preprocess
  insize=2048 outsize=516 ok=1
Cmd: preprocess
  insize=3105 outsize=1735 ok=1
Cmd: preprocess
  insize=1764 outsize=320 ok=1
Cmd: preprocess
  insize=28296 outsize=4971 ok=1
Cmd: preprocess
  insize=4266 outsize=584 ok=1
Cmd: preprocess
  insize=2379 outsize=1258 ok=1
Cmd: preprocess
  insize=1823 outsize=317 ok=1
Cmd: preprocess
  insize=1088 outsize=373 ok=1
Cmd: preprocess
  insize=1199 outsize=486 ok=1
Cmd: preprocess
  insize=777 outsize=284 ok=1
Cmd: preprocess
  insize=769 outsize=410 ok=1
Cmd: preprocess
  insize=6084 outsize=913 ok=1
Cmd: preprocess
  insize=989 outsize=421 ok=1
Cmd: preprocess
  insize=5846 outsize=800 ok=1
Cmd: preprocess
  insize=622 outsize=382 ok=1
Cmd: preprocess
  insize=33474 outsize=288 ok=1
Cmd: preprocess
  insize=5321 outsize=1789 ok=1
Cmd: preprocess
  insize=6991 outsize=271 ok=1
Cmd: preprocess
  insize=4684 outsize=585 ok=1
Cmd: preprocess
  insize=5159 outsize=1148 ok=1
Cmd: preprocess
  insize=936 outsize=413 ok=1
Cmd: preprocess
  insize=6008 outsize=1334 ok=1
Cmd: preprocess
  insize=833 outsize=323 ok=1
Cmd: preprocess
  insize=758 outsize=335 ok=1
Cmd: preprocess
  insize=4076 outsize=685 ok=1
Cmd: preprocess
  error: 1 plat 12 at (66): Unrecognized #pragma directive: shader_feature
  error: 1 plat 12 at (115): Unrecognized #pragma directive: shader_feature
  error: 2 plat 12 at (155): Can't find include file UnityStandardCore.cginc
  error: 1 plat 12 at (159): Unrecognized #pragma directive: shader_feature
  error: 1 plat 12 at (196): Unrecognized #pragma directive: shader_feature
  error: 1 plat 12 at (196): Unrecognized renderer for #pragma exclude_renderers: nomrt
  error: 2 plat 12 at (240): Can't find include file UnityStandardCore.cginc
  error: 1 plat 12 at (248): Unrecognized #pragma directive: shader_feature
  error: 1 plat 12 at (288): Unrecognized #pragma directive: shader_feature
  error: 1 plat 12 at (288): Unrecognized #pragma directive: skip_variants
  error: 2 plat 12 at (310): Can't find include file UnityStandardShadow.cginc
  error: 1 plat 12 at (334): Unrecognized #pragma directive: shader_feature
  error: 1 plat 12 at (334): Unrecognized #pragma directive: skip_variants
  error: 1 plat 12 at (374): Unrecognized #pragma directive: shader_feature
  error: 1 plat 12 at (374): Unrecognized #pragma directive: skip_variants
  error: 2 plat 12 at (382): Can't find include file UnityStandardCore.cginc
  error: 1 plat 12 at (411): Unrecognized #pragma directive: shader_feature
  error: 2 plat 12 at (458): Can't find include file UnityStandardMeta.cginc
  error: 2 plat 12 at (536): Can't find include file UnityStandardCore.cginc
  error: 2 plat 12 at (614): Can't find include file UnityStandardCore.cginc
  error: 2 plat 12 at (676): Can't find include file UnityStandardShadow.cginc
  error: 2 plat 12 at (736): Can't find include file UnityStandardMeta.cginc
  insize=9164 outsize=5077 ok=0
Cmd: preprocess
  insize=926 outsize=319 ok=1
Cmd: preprocess
  insize=1406 outsize=316 ok=1
Cmd: preprocess
  insize=2266 outsize=1040 ok=1
Cmd: preprocess
  insize=6214 outsize=837 ok=1
Cmd: preprocess
  insize=1136 outsize=512 ok=1
Cmd: preprocess
  insize=1285 outsize=411 ok=1
Cmd: preprocess
  insize=616 outsize=277 ok=1
Cmd: preprocess
  insize=773 outsize=337 ok=1
Cmd: preprocess
  insize=1679 outsize=477 ok=1
Cmd: preprocess
  insize=1801 outsize=713 ok=1
Cmd: compileSnippet
  api=4 type=0 insize=4784 outsize=2501 kw=DIRECTIONAL ok=1
Cmd: compileSnippet
  api=4 type=1 insize=4784 outsize=4565 kw=DIRECTIONAL ok=1
